小八: 读完了两份文件，系统设计整体很干净。以下是分析：

---

## 1. 可以精简的地方

**基本没什么需要精简的**，现有设计已经很克制。唯一一个值得注意的问题：

**格式不一致**：想法用 `YYYY-MM-DD-HH:mm: 内容`（行内时间戳），摘录用 `## YYYY-MM-DD - 摘录`（heading级别）。在同一个文件里，两种格式混用，往后按日期查找或解析时会稍微麻烦。

---

## 2. 适不适合写成 skill？

**不建议**，原因很实际：

这套规则的核心特征是**"触发词自动触发"**——用户随口说"我觉得…"就要响应，这要求规则**每次会话都加载**。而 OpenClaw skill 是**主动调用**的（用户说 `/xxx` 或明确触发），不适合被动监听触发词。

现在放在 MEMORY.md 里正是对的位置，因为 MEMORY.md 每次会话都加载。

---

## 3. 改进建议

**① 格式统一**（最有价值）

现在两种记录格式不对称，建议统一用 `## YYYY-MM-DD-HH:mm` 作为标题，类型用标签区分：

```markdown
## 2026-03-19-10:30 #想法
内容...

## 2026-03-16-15:00 #摘录
- 来源: xxx | 内容
```

好处：按时间线统一，未来可按 `#想法` / `#摘录` grep过滤，日期查询也统一。

**② 拆分文件（可选，按量决定）**

文件现在不大，不急。但如果日积月累，建议拆成 `想法.md` + `摘录.md`，两者独立增长、独立查询。MEMORY.md 里路径改一行就行。

**③ "搜索背景"步骤可设为可跳过**

目前每条记录后都要上网搜索，对"随手记"类的快速想法来说会拖慢响应。可以加个约定：

- 简短想法（<30字）→ 直接记录 + 简要回应，不搜索
- 有分析价值的想法 → 才触发搜索 + 详细回复

这样"记一下"和"我有个想法，帮我分析一下"就有了自然区别。

---

**总结**：现有设计的定位（MEMORY.md 存规则 + 单文件存内容）是正确的，不需要变成 skill。主要改进点就是格式统一，其他都是锦上添花。
